2024-04-25 13:32:24 info: Started mc-map-item-tool server
2024-04-25 13:34:06 info: Started mc-map-item-tool server
2024-04-25 13:34:06 info: Started at: undefined:8080
2024-04-25 13:39:14 info: Started mc-map-item-tool server
2024-04-25 13:39:14 info: Started at: undefined:8080
2024-04-25 14:43:16 info: Zip file written to disk: prncKEpeJu.zip
2024-04-25 14:43:23 info: Serve tmp file: /tmp/prncKEpeJu.zip
2024-04-25 14:51:14 info: Serve tmp file: /tmp/1bad8d9bce40eb173db6af817630b84ef36db581.dat
2024-04-25 14:54:19 info: Serve tmp file: /tmp/6aaa197efa9572f7a0fe446aab221153124da287.dat
2024-04-25 14:56:20 info: Serve tmp file: /tmp/ec9257c36d505fc24782531986110e5388bcda73.dat
2024-04-25 14:58:33 info: Serve tmp file: /tmp/6bc89bd6d6009f84d00eb52236b1a7b458bddc7a.dat
2024-04-25 15:02:00 info: Serve tmp file: /tmp/38eb1bf6132456a12cdc2eefef29bf3595f47420.dat
2024-04-25 15:02:43 info: Serve tmp file: /tmp/228a34c74a64c6f5c721ecdc33ea862ec3141a5c.dat
2024-04-25 15:06:13 info: Serve tmp file: /tmp/7f80961fb7c1cd64cc3443a008b15e0a228244a3.dat
2024-04-25 15:08:09 info: Serve tmp file: /tmp/c70c777ac1e9d6f80a12f29b015c49ba7b3440e4.dat
2024-04-25 15:08:18 info: Serve tmp file: /tmp/3463364311c2d39580f1a412c961ce4750508d7e.dat
2024-04-25 16:40:07 info: Successfully deleted /tmp/prncKEpeJu_564b9b1d485a1f89c99f5980b08f30aff1b9548f.dat
2024-04-25 16:40:07 info: Successfully deleted /tmp/prncKEpeJu_5441a8d931531eaa96db07a10e255c0026c27f09.dat
2024-04-25 16:40:07 info: Successfully deleted /tmp/prncKEpeJu_a62d53bd363110676509a238dd427a8a63294671.dat
2024-04-25 16:40:07 info: Successfully deleted /tmp/prncKEpeJu_f4b74e0d35b5e9a8028508903c9bc9d19571873d.dat
2024-04-25 16:40:07 info: Successfully deleted /tmp/prncKEpeJu.zip
2024-04-25 16:40:07 info: Successfully deleted /tmp/1bad8d9bce40eb173db6af817630b84ef36db581.dat
2024-04-25 16:40:07 info: Successfully deleted /tmp/6bc89bd6d6009f84d00eb52236b1a7b458bddc7a.dat
2024-04-25 16:40:07 info: Successfully deleted /tmp/ec9257c36d505fc24782531986110e5388bcda73.dat
2024-04-25 16:40:07 info: Successfully deleted /tmp/6aaa197efa9572f7a0fe446aab221153124da287.dat
2024-04-25 16:40:07 info: Successfully deleted /tmp/38eb1bf6132456a12cdc2eefef29bf3595f47420.dat
2024-04-25 16:40:07 info: Successfully deleted /tmp/228a34c74a64c6f5c721ecdc33ea862ec3141a5c.dat
2024-04-25 16:40:07 info: Successfully deleted /tmp/c70c777ac1e9d6f80a12f29b015c49ba7b3440e4.dat
2024-04-25 16:40:07 info: Successfully deleted /tmp/7f80961fb7c1cd64cc3443a008b15e0a228244a3.dat
2024-04-25 16:40:07 info: Successfully deleted /tmp/3463364311c2d39580f1a412c961ce4750508d7e.dat
2024-04-25 16:40:08 info: Serve tmp file: /tmp/750bd94aa8ab0ab39f28d7063228815179dd7d1e.dat
2024-04-25 16:41:41 info: Serve tmp file: /tmp/b44ed7ff494228d4c9cf1e5b229bd02e9e6a8aa8.dat
2024-04-25 16:42:56 info: Serve tmp file: /tmp/3ef2ec863dbf739db43e48bb02899b1fcfb31189.dat
2024-04-25 16:43:46 info: Serve tmp file: /tmp/9a35d372feb0a26fd6e6066cdc440bcd0575c5b6.dat
2024-04-25 16:44:34 info: Serve tmp file: /tmp/b1064055d92690dfb4adaff8a557be5b868cfc18.dat
2024-04-25 16:52:50 info: Serve tmp file: /tmp/6739e02437fe9b34e8d68c8702f84402e74e58c0.dat
2024-04-25 16:53:01 info: Serve tmp file: /tmp/6a1da3036347b2b039a91665de77d4b29d5ce925.dat
2024-04-25 16:59:06 info: Serve tmp file: /tmp/d877bf2c515aaee64beedb2bf062d4c7c595d711.dat
2024-04-25 17:01:26 info: Serve tmp file: /tmp/8035f882d7f1260ff770ce144a069d6dd6625010.dat
2024-04-25 17:03:03 info: Serve tmp file: /tmp/ba3c8e33944c9ae43f666adb88b699d81d14c83b.dat
2024-04-25 17:03:46 info: Serve tmp file: /tmp/1753348e1f06bfbbc133469494f7d437f54b0568.dat
2024-04-25 17:10:30 info: Successfully deleted /tmp/750bd94aa8ab0ab39f28d7063228815179dd7d1e.dat
2024-04-25 17:10:30 info: Zip file written to disk: KMoNTQj8Fd.zip
2024-04-25 17:10:32 info: Serve tmp file: /tmp/KMoNTQj8Fd.zip
2024-04-25 17:13:38 info: Successfully deleted /tmp/3ef2ec863dbf739db43e48bb02899b1fcfb31189.dat
2024-04-25 17:13:38 info: Successfully deleted /tmp/b44ed7ff494228d4c9cf1e5b229bd02e9e6a8aa8.dat
2024-04-25 17:13:38 info: Zip file written to disk: 4FRPpVO3Mq.zip
2024-04-25 17:13:39 info: Serve tmp file: /tmp/4FRPpVO3Mq.zip
2024-04-25 17:19:07 info: Successfully deleted /tmp/9a35d372feb0a26fd6e6066cdc440bcd0575c5b6.dat
2024-04-25 17:19:07 info: Successfully deleted /tmp/b1064055d92690dfb4adaff8a557be5b868cfc18.dat
2024-04-25 17:19:08 info: Zip file written to disk: RgRHWmKcXs.zip
2024-04-25 17:19:09 info: Serve tmp file: /tmp/RgRHWmKcXs.zip
2024-04-25 17:23:25 info: Successfully deleted /tmp/6739e02437fe9b34e8d68c8702f84402e74e58c0.dat
2024-04-25 17:23:25 info: Successfully deleted /tmp/6a1da3036347b2b039a91665de77d4b29d5ce925.dat
2024-04-25 17:23:25 info: Zip file written to disk: Tb6gKW0HvK.zip
2024-04-25 17:23:26 info: Serve tmp file: /tmp/Tb6gKW0HvK.zip
2024-08-15 19:29:49 info: Started mc-map-item-tool server
2024-08-15 19:29:49 info: Started at: undefined:8080
2024-08-15 19:29:49 info: Successfully deleted /tmp/4FRPpVO3Mq_41e38a874877211bc4c6b4fdb7285618cdbb2460.dat
2024-08-15 19:29:49 info: Successfully deleted /tmp/1753348e1f06bfbbc133469494f7d437f54b0568.dat
2024-08-15 19:29:49 info: Successfully deleted /tmp/4FRPpVO3Mq_95833f382706e394f5c7098b2be7ac2087c03fbd.dat
2024-08-15 19:29:49 info: Successfully deleted /tmp/4FRPpVO3Mq.zip
2024-08-15 19:29:49 info: Successfully deleted /tmp/8035f882d7f1260ff770ce144a069d6dd6625010.dat
2024-08-15 19:29:49 info: Successfully deleted /tmp/ba3c8e33944c9ae43f666adb88b699d81d14c83b.dat
2024-08-15 19:29:49 info: Successfully deleted /tmp/d877bf2c515aaee64beedb2bf062d4c7c595d711.dat
2024-08-15 19:29:49 info: Successfully deleted /tmp/KMoNTQj8Fd_cb1204d7eadd8a50e342c687ca816289a6b5e21a.dat
2024-08-15 19:29:49 info: Successfully deleted /tmp/KMoNTQj8Fd_6bd029a7a7b44cc5ae70440d6d07001850791d5f.dat
2024-08-15 19:29:49 info: Successfully deleted /tmp/KMoNTQj8Fd.zip
2024-08-15 19:29:49 info: Successfully deleted /tmp/RgRHWmKcXs.zip
2024-08-15 19:29:49 info: Successfully deleted /tmp/RgRHWmKcXs_1eb4499f863beebf32c894a939d39a3641f18d1b.dat
2024-08-15 19:29:49 info: Successfully deleted /tmp/RgRHWmKcXs_093ffb785fdc0ab8a3f65c7c330cf1b50db00e43.dat
2024-08-15 19:29:49 info: Successfully deleted /tmp/RgRHWmKcXs_3da52a8e9b514910bf12e06e68da29b89b2ae65b.dat
2024-08-15 19:29:49 info: Successfully deleted /tmp/RgRHWmKcXs_7502e565181ac15ab2e12c72431d51905a17c99d.dat
2024-08-15 19:29:49 info: Successfully deleted /tmp/RgRHWmKcXs_4b1742f51144792766f9e14801ebf12f8e700724.dat
2024-08-15 19:29:49 info: Successfully deleted /tmp/RgRHWmKcXs_504b97d5df7440b9a41f29156eab9c2bb144f0b6.dat
2024-08-15 19:29:49 info: Successfully deleted /tmp/Tb6gKW0HvK_bd4af10d58bafcc1add8203b1b6b12bde9fee052.dat
2024-08-15 19:29:49 info: Successfully deleted /tmp/Tb6gKW0HvK_40b0e2c928eb4c60baf81cf00b0e0f6088ef1239.dat
2024-08-15 19:29:49 info: Successfully deleted /tmp/Tb6gKW0HvK.zip
2024-08-15 19:29:49 info: Successfully deleted /tmp/Tb6gKW0HvK_c0c416caa27c28dd51c257d6a9305c489bcb3fd5.dat
2024-08-15 19:29:49 info: Successfully deleted /tmp/Tb6gKW0HvK_0f3e0b8129556c629861e5545955d64130cd0a7b.dat
2024-08-15 19:30:37 info: Serve tmp file: /tmp/90a9f35f7e171f41e568b0c29fe720343f1fceb3.dat
2024-08-15 19:31:16 info: Serve tmp file: /tmp/5bfeada4f1dee7179b8655f7f80893196ff36aca.dat
2025-08-03 00:07:56 info: Started mc-map-item-tool server
2025-08-03 00:07:56 info: Started at: undefined:8080
2025-08-03 00:07:56 info: Successfully deleted /tmp/90a9f35f7e171f41e568b0c29fe720343f1fceb3.dat
2025-08-03 00:07:56 info: Successfully deleted /tmp/5bfeada4f1dee7179b8655f7f80893196ff36aca.dat
2025-08-03 00:09:24 info: Serve tmp file: /tmp/a13006b9ea89552d7fcee3b02a910e1d236c1dcd.dat
2025-08-03 00:11:46 info: Started mc-map-item-tool server
2025-08-03 00:11:46 info: Started at: undefined:8080
2025-08-03 00:11:46 info: Successfully deleted /tmp/a13006b9ea89552d7fcee3b02a910e1d236c1dcd.dat
2025-08-03 00:12:47 info: Started mc-map-item-tool server
2025-08-03 00:12:47 info: Started at: undefined:8080
2025-08-03 00:12:47 info: Successfully deleted /tmp/a13006b9ea89552d7fcee3b02a910e1d236c1dcd.dat
